         410  0.72070312499999667     
   1.0000000000000000        1.0000000000000000        1.0000000000000000     
   0.0000000000000000        0.0000000000000000       0.75523796998003667       0.50000000000000000       0.71666666666666667     
   6.2500000000000003E-003   0.0000000000000000       0.73438440054231524       0.51957892883300771       0.71449251281470760     
   1.2500000000000001E-002   0.0000000000000000       0.71353083110459381       0.53882285676537811       0.70802677459849428     
   1.8750000000000003E-002   0.0000000000000000       0.66123025538875391       0.55740251485476344       0.69743814213380928     
   2.5000000000000001E-002   0.0000000000000000       0.60289910855986240       0.57499999999999996       0.68300287121337322     
   3.1250000000000000E-002   0.0000000000000000       0.52350328769689047       0.59131421435130815       0.66509757583569529     
   3.7500000000000006E-002   0.0000000000000000       0.43901146640746080       0.60606601717798214       0.64418940240376532     
   4.3750000000000004E-002   0.0000000000000000       0.34271243261920004       0.61900300104368533       0.62082384194723705     
   5.0000000000000003E-002   0.0000000000000000       0.24641339883093927       0.62990381056766576       0.59561049834534718     
   0.0000000000000000        6.2500000000000003E-003  0.78631829084477600       0.49903694533443937       0.71613139747631760     
   6.2500000000000003E-003   6.2500000000000003E-003  0.77032179411054968       0.52409033628409585       0.71395661118632781     
   1.2500000000000001E-002   6.2500000000000003E-003  0.75432529737632337       0.54759664740719538       0.70738383415622574     
   1.8750000000000003E-002   6.2500000000000003E-003  0.70656552012783536       0.57143253572235764       0.69673227807380578     
   2.5000000000000001E-002   6.2500000000000003E-003  0.65302439746698382       0.59361106579492839       0.68214978101370038     
   3.1250000000000000E-002   6.2500000000000003E-003  0.57815872899295995       0.61500223792614717       0.66413450521392181     
   3.7500000000000006E-002   6.2500000000000003E-003  0.49837681069401346       0.63449386094294291       0.64305244745536760     
   4.3750000000000004E-002   6.2500000000000003E-003  0.40661494231609585       0.65238281092850892       0.61954442518850639     
   5.0000000000000003E-002   6.2500000000000003E-003  0.31485307393817824       0.66804937216216287       0.59421971529237905     
   0.0000000000000000        1.2500000000000001E-002  0.81739861170951533       0.49615705608064609       0.71452788201011930     
   6.2500000000000003E-003   1.2500000000000001E-002  0.80625918767878413       0.52627374291599904       0.71233156872313541     
   1.2500000000000001E-002   1.2500000000000001E-002  0.79511976364805292       0.55455497082634075       0.70563532456097489     
   1.8750000000000003E-002   1.2500000000000001E-002  0.75190078486691680       0.58333905399295383       0.69476624624102579     
   2.5000000000000001E-002   1.2500000000000001E-002  0.70314968637410524       0.61025914586011287       0.67988392618214799     
   3.1250000000000000E-002   1.2500000000000001E-002  0.63281417028902942       0.63645719919879074       0.66149252590606766     
   3.7500000000000006E-002   1.2500000000000001E-002  0.55774215498056612       0.66060798379587338       0.63995367995903341     
   4.3750000000000004E-002   1.2500000000000001E-002  0.47051745201299167       0.68314532415661278       0.61593340581888778     
   5.0000000000000003E-002   1.2500000000000001E-002  0.38329274904541721       0.70331511524204871       0.59006429631770663     
   0.0000000000000000        1.8750000000000003E-002  0.84792762714825209       0.49138806714644179       0.71186298676747428     
   6.2500000000000003E-003   1.8750000000000003E-002  0.84151640343209799       0.52645147008213089       0.70957151127100471     
   1.2500000000000001E-002   1.8750000000000003E-002  0.83510517971594389       0.55959756458266863       0.70268006438206976     
   1.8750000000000003E-002   1.8750000000000003E-002  0.79644947358167806       0.59320608918892670       0.69145620711867029     
   2.5000000000000001E-002   1.8750000000000003E-002  0.75232332823559178       0.62480034546356744       0.67609866462697710     
   3.1250000000000000E-002   1.8750000000000003E-002  0.68639829187382018       0.65554664170360999       0.65709062489499637     
   3.7500000000000006E-002   1.8750000000000003E-002  0.61578857942944476       0.68404489689563708       0.63481142147248792     
   4.3750000000000004E-002   1.8750000000000003E-002  0.53280672853161237       0.71073206498955699       0.60995804068541770     
   5.0000000000000003E-002   1.8750000000000003E-002  0.44982487763377998       0.73478950264899423       0.58319477169728351     
   0.0000000000000000        2.5000000000000001E-002  0.87838214677079407       0.48477590650225733       0.70814812323893372     
   6.2500000000000003E-003   2.5000000000000001E-002  0.87668307960223713       0.52474258041377075       0.70576054562584367     
   1.2500000000000001E-002   2.5000000000000001E-002  0.87498401243368018       0.56273211408927160       0.69860091670993008     
   1.8750000000000003E-002   2.5000000000000001E-002  0.84088125687815851       0.60104020360271737       0.68691069082750278     
   2.5000000000000001E-002   2.5000000000000001E-002  0.80133383299535743       0.63711645205235246       0.67091381514287973     
   3.1250000000000000E-002   2.5000000000000001E-002  0.73971737181892627       0.67205986824717379       0.65107718498842226     
   3.7500000000000006E-002   2.5000000000000001E-002  0.67342926750399745       0.70441780308118207       0.62779557152801491     
   4.3750000000000004E-002   2.5000000000000001E-002  0.59435526810214934       0.73455698214788323       0.60179390283849743     
   5.0000000000000003E-002   2.5000000000000001E-002  0.51528126870030122       0.76162603014304153       0.57369449529605809     
   0.0000000000000000        3.1250000000000000E-002  0.90760503720560826       0.47638425286967101       0.70339919904044312     
   6.2500000000000003E-003   3.1250000000000000E-002  0.91051442002522476       0.52126538957958113       0.70084613182761268     
   1.2500000000000001E-002   3.1250000000000000E-002  0.91342380284484126       0.56404975943343660       0.69332439014311786     
   1.8750000000000003E-002   3.1250000000000000E-002  0.88375285434226070       0.60691696118026306       0.68103598209057414     
   2.5000000000000001E-002   3.1250000000000000E-002  0.84852046197841702       0.64721017742452769       0.66422106637238787     
   3.1250000000000000E-002   3.1250000000000000E-002  0.79090790008338629       0.68590115442485722       0.64333113502384809     
   3.7500000000000006E-002   3.1250000000000000E-002  0.72849164016616885       0.72146690634921240       0.61877947864863503     
   4.3750000000000004E-002   3.1250000000000000E-002  0.65278608113354009       0.75413683920244579       0.59133743814821804     
   5.0000000000000003E-002   3.1250000000000000E-002  0.57708052210091132       0.78306475873397374       0.56167836474824717     
   0.0000000000000000        3.7500000000000006E-002  0.93667292161376925       0.46629392246050905       0.69763654979448841     
   6.2500000000000003E-003   3.7500000000000006E-002  0.94420137549864669       0.51607027920325643       0.69494243793464117     
   1.2500000000000001E-002   3.7500000000000006E-002  0.95172982938352413       0.56357446494447672       0.68700489809114029     
   1.8750000000000003E-002   3.7500000000000006E-002  0.92648573559522984       0.61080396042219187       0.67400633639798035     
   2.5000000000000001E-002   3.7500000000000006E-002  0.89552410734017729       0.65496603225315908       0.65622998499038310     
   3.1250000000000000E-002   3.7500000000000006E-002  0.84179098608927649       0.69684108240430132       0.63410583597831127     
   3.7500000000000006E-002   3.7500000000000006E-002  0.78307364259413514       0.73483054993960795       0.60809070458123859     
   4.3750000000000004E-002   3.7500000000000006E-002  0.71027221510874461       0.76895781809848862       0.57895301674933153     
   5.0000000000000003E-002   3.7500000000000006E-002  0.63747078762335407       0.79845198162191178       0.54729105959182356     
   0.0000000000000000        4.3750000000000004E-002  0.96385268867277485       0.45460209067254742       0.69088485204983874     
   6.2500000000000003E-003   4.3750000000000004E-002  0.97580523318758061       0.50921018287044673       0.68797255119537792     
   1.2500000000000001E-002   4.3750000000000004E-002  0.98775777770238637       0.56139903792940549       0.67953265810232777     
   1.8750000000000003E-002   4.3750000000000004E-002  0.96675636457396474       0.61275322860735915       0.66569427191017760     
   2.5000000000000001E-002   4.3750000000000004E-002  0.93960004377423889       0.66043450447936336       0.64677818602415960     
   3.1250000000000000E-002   4.3750000000000004E-002  0.88922615485504286       0.70487113274725299       0.62319681196612531     
   3.7500000000000006E-002   4.3750000000000004E-002  0.83333645520146937       0.74440392332764838       0.59546790803637417     
   4.3750000000000004E-002   4.3750000000000004E-002  0.76257520976197435       0.77875312401537311       0.56434681624883187     
   5.0000000000000003E-002   4.3750000000000004E-002  0.69181396432247932       0.80725753228730512       0.53070482662939134     
   0.0000000000000000        5.0000000000000003E-002  0.99103245573178045       0.44142135623730949       0.68317301761277638     
   6.2500000000000003E-003   5.0000000000000003E-002   1.0074090908765145       0.50010890133037489       0.68014334989819836     
   1.2500000000000001E-002   5.0000000000000003E-002   1.0237857260212486       0.55749846159642447       0.67112570817351080     
   1.8750000000000003E-002   5.0000000000000003E-002   1.0070269935526996       0.61232149602695962       0.65633244633104759     
   2.5000000000000001E-002   5.0000000000000003E-002  0.98367598020830049       0.66336766931042779       0.63611176253792678     
   3.1250000000000000E-002   5.0000000000000003E-002  0.93666132362080923       0.70951226588525451       0.61093926081092842     
   3.7500000000000006E-002   5.0000000000000003E-002  0.88359926780880360       0.74974162200902850       0.58140643146852977     
   4.3750000000000004E-002   5.0000000000000003E-002  0.81487820441520409       0.78317598832808677       0.54820633579421874     
   5.0000000000000003E-002   5.0000000000000003E-002  0.74615714102160458       0.80908929587876377       0.51211684929145684     
